0 info it worked if it ends with ok
1 verbose cli [ 'C:\\Program Files (x86)\\nodejs\\\\node.exe',
1 verbose cli   'C:\\Program Files (x86)\\nodejs\\node_modules\\npm\\bin\\npm-cli.js',
1 verbose cli   'run',
1 verbose cli   'setup' ]
2 info using npm@2.11.3
3 info using node@v0.12.7
4 verbose run-script [ 'presetup', 'setup', 'postsetup' ]
5 info presetup exodus@0.0.1
6 info setup exodus@0.0.1
7 verbose unsafe-perm in lifecycle true
8 info exodus@0.0.1 Failed to exec setup script
9 verbose stack Error: exodus@0.0.1 setup: `npm install --no-optional && jspm install`
9 verbose stack Exit status 1
9 verbose stack     at EventEmitter.<anonymous> (C:\Program Files (x86)\nodejs\node_modules\npm\lib\utils\lifecycle.js:213:16)
9 verbose stack     at EventEmitter.emit (events.js:110:17)
9 verbose stack     at ChildProcess.<anonymous> (C:\Program Files (x86)\nodejs\node_modules\npm\lib\utils\spawn.js:24:14)
9 verbose stack     at ChildProcess.emit (events.js:110:17)
9 verbose stack     at maybeClose (child_process.js:1015:16)
9 verbose stack     at Process.ChildProcess._handle.onexit (child_process.js:1087:5)
10 verbose pkgid exodus@0.0.1
11 verbose cwd C:\Users\makshay\Documents\Workspace\exodus
12 error Windows_NT 6.1.7601
13 error argv "C:\\Program Files (x86)\\nodejs\\\\node.exe" "C:\\Program Files (x86)\\nodejs\\node_modules\\npm\\bin\\npm-cli.js" "run" "setup"
14 error node v0.12.7
15 error npm  v2.11.3
16 error code ELIFECYCLE
17 error exodus@0.0.1 setup: `npm install --no-optional && jspm install`
17 error Exit status 1
18 error Failed at the exodus@0.0.1 setup script 'npm install --no-optional && jspm install'.
18 error This is most likely a problem with the exodus package,
18 error not with npm itself.
18 error Tell the author that this fails on your system:
18 error     npm install --no-optional && jspm install
18 error You can get their info via:
18 error     npm owner ls exodus
18 error There is likely additional logging output above.
19 verbose exit [ 1, true ]
